<?xml version="1.0" encoding="UTF-8"?>
<!-- Generated by org.testng.reporters.JUnitXMLReporter -->
<testsuite hostname="asda1716po02925" ignored="9" name="Default test" tests="1" failures="0" timestamp="30 Jun 2017 05:43:49 GMT" time="0.086" errors="0">
  <testcase name="getIndividualById_should_return_Individual_object_matching_id" time="0.065" classname="com.qainfotech.tap.training.resourceio.TeamsJsonReaderTest"/>
  <testcase name="getListOfInactiveIndividuals_should_return_array_list_of_only_inactive_individual_objects" time="0.0" classname="com.qainfotech.tap.training.resourceio.TeamsJsonReaderTest">
    <ignored/>
  </testcase> <!-- getListOfInactiveIndividuals_should_return_array_list_of_only_inactive_individual_objects -->
  <testcase name="getListOfTeams_should_return_a_list_if_Team_object_from_db_json" time="0.0" classname="com.qainfotech.tap.training.resourceio.TeamsJsonReaderTest">
    <ignored/>
  </testcase> <!-- getListOfTeams_should_return_a_list_if_Team_object_from_db_json -->
  <testcase name="getIndividualByName_should_throw_ObjectNotFoundException_for_incorrect_name" time="0.0" classname="com.qainfotech.tap.training.resourceio.TeamsJsonReaderTest">
    <ignored/>
  </testcase> <!-- getIndividualByName_should_throw_ObjectNotFoundException_for_incorrect_name -->
  <testcase name="Team_getActiveMembers_should_return_a_list_of_team_members_that_are_active" time="0.0" classname="com.qainfotech.tap.training.resourceio.TeamsJsonReaderTest">
    <ignored/>
  </testcase> <!-- Team_getActiveMembers_should_return_a_list_of_team_members_that_are_active -->
  <testcase name="getIndividualByName_should_return_Individual_object_matching_name" time="0.0" classname="com.qainfotech.tap.training.resourceio.TeamsJsonReaderTest">
    <ignored/>
  </testcase> <!-- getIndividualByName_should_return_Individual_object_matching_name -->
  <testcase name="getListOfActiveIndividuals_ahould_return_array_list_of_only_active_individual_objects" time="0.0" classname="com.qainfotech.tap.training.resourceio.TeamsJsonReaderTest">
    <ignored/>
  </testcase> <!-- getListOfActiveIndividuals_ahould_return_array_list_of_only_active_individual_objects -->
  <testcase name="Team_getInactiveMembers_should_return_a_list_of_individual_team_members_that_are_inactive" time="0.0" classname="com.qainfotech.tap.training.resourceio.TeamsJsonReaderTest">
    <ignored/>
  </testcase> <!-- Team_getInactiveMembers_should_return_a_list_of_individual_team_members_that_are_inactive -->
  <testcase name="getIndividualById_should_throw_ObjectNotFoundException_for_incorrect_id" time="0.0" classname="com.qainfotech.tap.training.resourceio.TeamsJsonReaderTest">
    <ignored/>
  </testcase> <!-- getIndividualById_should_throw_ObjectNotFoundException_for_incorrect_id -->
  <testcase name="getListOfIndividuals_should_return_array_list_of_all_individual_objects" time="0.0" classname="com.qainfotech.tap.training.resourceio.TeamsJsonReaderTest">
    <ignored/>
  </testcase> <!-- getListOfIndividuals_should_return_array_list_of_all_individual_objects -->
</testsuite> <!-- Default test -->
