<?xml version="1.0" encoding="UTF-8"?>
<testng-results skipped="0" failed="0" ignored="9" total="10" passed="1">
  <reporter-output>
  </reporter-output>
  <suite name="Default suite" duration-ms="86" started-at="2017-06-30T05:43:48Z" finished-at="2017-06-30T05:43:49Z">
    <groups>
    </groups>
    <test name="Default test" duration-ms="86" started-at="2017-06-30T05:43:48Z" finished-at="2017-06-30T05:43:49Z">
      <class name="com.qainfotech.tap.training.resourceio.TeamsJsonReaderTest">
        <test-method status="PASS" signature="loadDB()[pri:0, instance:com.qainfotech.tap.training.resourceio.TeamsJsonReaderTest@9629756]" name="loadDB" is-config="true" duration-ms="8" started-at="2017-06-30T11:13:48Z" finished-at="2017-06-30T11:13:49Z">
          <reporter-output>
          </reporter-output>
        </test-method> <!-- loadDB -->
        <test-method status="PASS" signature="getIndividualById_should_return_Individual_object_matching_id()[pri:0, instance:com.qainfotech.tap.training.resourceio.TeamsJsonReaderTest@9629756]" name="getIndividualById_should_return_Individual_object_matching_id" duration-ms="65" started-at="2017-06-30T11:13:49Z" finished-at="2017-06-30T11:13:49Z">
          <reporter-output>
          </reporter-output>
        </test-method> <!-- getIndividualById_should_return_Individual_object_matching_id -->
      </class> <!-- com.qainfotech.tap.training.resourceio.TeamsJsonReaderTest -->
    </test> <!-- Default test -->
  </suite> <!-- Default suite -->
</testng-results>
